[debug] [2021-02-20T15:17:50.888Z] ----------------------------------------------------------------------
[debug] [2021-02-20T15:17:50.891Z] Command:       /Users/koichi/.nodenv/versions/12.20.0/bin/node /Users/koichi/.nodenv/versions/12.20.0/bin/firebase emulators:start
[debug] [2021-02-20T15:17:50.891Z] CLI Version:   9.2.2
[debug] [2021-02-20T15:17:50.891Z] Platform:      darwin
[debug] [2021-02-20T15:17:50.892Z] Node Version:  v12.20.0
[debug] [2021-02-20T15:17:50.893Z] Time:          Sun Feb 21 2021 00:17:50 GMT+0900 (GMT+09:00)
[debug] [2021-02-20T15:17:50.893Z] ----------------------------------------------------------------------
[debug] [2021-02-20T15:17:50.893Z] 
[debug] [2021-02-20T15:17:50.903Z] > command requires scopes: ["email","openid","https://www.googleapis.com/auth/cloudplatformprojects.readonly","https://www.googleapis.com/auth/firebase","https://www.googleapis.com/auth/cloud-platform"]
[debug] [2021-02-20T15:17:50.904Z] > authorizing via signed-in user
[info] i  emulators: Starting emulators: auth, functions {"metadata":{"emulator":{"name":"hub"},"message":"Starting emulators: auth, functions"}}
[debug] [2021-02-20T15:17:50.981Z] [hub] writing locator at /var/folders/bj/8tzx8pw90mnfh6ctz659hg240000gn/T/hub-hasura-2ebfe.json
[warn] ⚠  functions: The following emulators are not running, calls to these services from the Functions emulator will affect production: firestore, database, hosting, pubsub {"metadata":{"emulator":{"name":"functions"},"message":"The following emulators are not running, calls to these services from the Functions emulator will affect production: \u001b[1mfirestore, database, hosting, pubsub\u001b[22m"}}
[info] ✔  functions: Using node@12 from host. {"metadata":{"emulator":{"name":"functions"},"message":"Using node@12 from host."}}
[debug] [2021-02-20T15:17:51.036Z] defaultcredentials: writing to file /Users/koichi/.config/firebase/koichi20110068_gmail_com_application_default_credentials.json
[debug] [2021-02-20T15:17:51.039Z] Setting GAC to /Users/koichi/.config/firebase/koichi20110068_gmail_com_application_default_credentials.json {"metadata":{"emulator":{"name":"functions"},"message":"Setting GAC to /Users/koichi/.config/firebase/koichi20110068_gmail_com_application_default_credentials.json"}}
[debug] [2021-02-20T15:17:51.044Z] >>> [apiv2][query] GET https://firebase.googleapis.com/v1beta1/projects/hasura-2ebfe/adminSdkConfig [none]
[debug] [2021-02-20T15:17:51.731Z] <<< [apiv2][status] GET https://firebase.googleapis.com/v1beta1/projects/hasura-2ebfe/adminSdkConfig 200
[debug] [2021-02-20T15:17:51.731Z] <<< [apiv2][body] GET https://firebase.googleapis.com/v1beta1/projects/hasura-2ebfe/adminSdkConfig {"projectId":"hasura-2ebfe","storageBucket":"hasura-2ebfe.appspot.com"}
[debug] [2021-02-20T15:17:55.961Z] Ignoring unsupported arg: auto_download {"metadata":{"emulator":{"name":"ui"},"message":"Ignoring unsupported arg: auto_download"}}
[debug] [2021-02-20T15:17:55.961Z] Ignoring unsupported arg: port {"metadata":{"emulator":{"name":"ui"},"message":"Ignoring unsupported arg: port"}}
[debug] [2021-02-20T15:17:55.961Z] Starting Emulator UI with command {"binary":"node","args":["/Users/koichi/.cache/firebase/emulators/ui-v1.4.1/server.bundle.js"],"optionalArgs":[],"joinArgs":false} {"metadata":{"emulator":{"name":"ui"},"message":"Starting Emulator UI with command {\"binary\":\"node\",\"args\":[\"/Users/koichi/.cache/firebase/emulators/ui-v1.4.1/server.bundle.js\"],\"optionalArgs\":[],\"joinArgs\":false}"}}
[info] i  ui: Emulator UI logging to ui-debug.log {"metadata":{"emulator":{"name":"ui"},"message":"Emulator UI logging to \u001b[1mui-debug.log\u001b[22m"}}
[debug] [2021-02-20T15:17:56.108Z] Web / API server started at http://localhost:4000
 {"metadata":{"emulator":{"name":"ui"},"message":"Web / API server started at http://localhost:4000\n"}}
[info] i  functions: Watching "/Users/koichi/prg/hasura/functions" for Cloud Functions... {"metadata":{"emulator":{"name":"functions"},"message":"Watching \"/Users/koichi/prg/hasura/functions\" for Cloud Functions..."}}
[debug] [2021-02-20T15:17:56.272Z] [worker-pool] addWorker(~diagnostic~) {"metadata":{"emulator":{"name":"functions"},"message":"[worker-pool] addWorker(~diagnostic~)"}}
[debug] [2021-02-20T15:17:56.273Z] [worker-pool] Adding worker with key ~diagnostic~, total=1 {"metadata":{"emulator":{"name":"functions"},"message":"[worker-pool] Adding worker with key ~diagnostic~, total=1"}}
[debug] [2021-02-20T15:17:56.273Z] [worker-pool] submitWork(triggerId=) {"metadata":{"emulator":{"name":"functions"},"message":"[worker-pool] submitWork(triggerId=)"}}
[debug] [2021-02-20T15:17:56.274Z] [worker-~diagnostic~-b76bc93a-6c30-4a76-bda9-db25d55f16a2]: Assigning socketPath: /var/folders/bj/8tzx8pw90mnfh6ctz659hg240000gn/T/fire_emu_69066.sock {"metadata":{"emulator":{"name":"functions"},"message":"[worker-~diagnostic~-b76bc93a-6c30-4a76-bda9-db25d55f16a2]: Assigning socketPath: /var/folders/bj/8tzx8pw90mnfh6ctz659hg240000gn/T/fire_emu_69066.sock"}}
[debug] [2021-02-20T15:17:56.274Z] [worker-~diagnostic~-b76bc93a-6c30-4a76-bda9-db25d55f16a2]: BUSY {"metadata":{"emulator":{"name":"functions"},"message":"[worker-~diagnostic~-b76bc93a-6c30-4a76-bda9-db25d55f16a2]: BUSY"}}
[debug] [2021-02-20T15:17:56.526Z] [runtime-status] [69066] Functions runtime initialized. {"cwd":"/Users/koichi/prg/hasura/functions","node_version":"12.20.0"} {"metadata":{"emulator":{"name":"functions"},"message":"[runtime-status] [69066] Functions runtime initialized. {\"cwd\":\"/Users/koichi/prg/hasura/functions\",\"node_version\":\"12.20.0\"}"}}
[debug] [2021-02-20T15:17:56.526Z] [runtime-status] [69066] Disabled runtime features: undefined {"metadata":{"emulator":{"name":"functions"},"message":"[runtime-status] [69066] Disabled runtime features: undefined"}}
[debug] [2021-02-20T15:17:56.534Z] [runtime-status] [69066] Resolved module firebase-admin {"declared":true,"installed":true,"version":"9.5.0","resolution":"/Users/koichi/prg/hasura/functions/node_modules/firebase-admin/lib/index.js"} {"metadata":{"emulator":{"name":"functions"},"message":"[runtime-status] [69066] Resolved module firebase-admin {\"declared\":true,\"installed\":true,\"version\":\"9.5.0\",\"resolution\":\"/Users/koichi/prg/hasura/functions/node_modules/firebase-admin/lib/index.js\"}"}}
[debug] [2021-02-20T15:17:56.534Z] [runtime-status] [69066] Resolved module firebase-functions {"declared":true,"installed":true,"version":"3.13.1","resolution":"/Users/koichi/prg/hasura/functions/node_modules/firebase-functions/lib/index.js"} {"metadata":{"emulator":{"name":"functions"},"message":"[runtime-status] [69066] Resolved module firebase-functions {\"declared\":true,\"installed\":true,\"version\":\"3.13.1\",\"resolution\":\"/Users/koichi/prg/hasura/functions/node_modules/firebase-functions/lib/index.js\"}"}}
[debug] [2021-02-20T15:17:56.534Z] [runtime-status] [69066] Resolved module firebase-functions {"declared":true,"installed":true,"version":"3.13.1","resolution":"/Users/koichi/prg/hasura/functions/node_modules/firebase-functions/lib/index.js"} {"metadata":{"emulator":{"name":"functions"},"message":"[runtime-status] [69066] Resolved module firebase-functions {\"declared\":true,\"installed\":true,\"version\":\"3.13.1\",\"resolution\":\"/Users/koichi/prg/hasura/functions/node_modules/firebase-functions/lib/index.js\"}"}}
[debug] [2021-02-20T15:17:56.535Z] [runtime-status] [69066] Outgoing network have been stubbed. [{"name":"http","status":"mocked"},{"name":"http","status":"mocked"},{"name":"https","status":"mocked"},{"name":"https","status":"mocked"},{"name":"net","status":"mocked"}] {"metadata":{"emulator":{"name":"functions"},"message":"[runtime-status] [69066] Outgoing network have been stubbed. [{\"name\":\"http\",\"status\":\"mocked\"},{\"name\":\"http\",\"status\":\"mocked\"},{\"name\":\"https\",\"status\":\"mocked\"},{\"name\":\"https\",\"status\":\"mocked\"},{\"name\":\"net\",\"status\":\"mocked\"}]"}}
[debug] [2021-02-20T15:17:56.536Z] [runtime-status] [69066] Resolved module firebase-functions {"declared":true,"installed":true,"version":"3.13.1","resolution":"/Users/koichi/prg/hasura/functions/node_modules/firebase-functions/lib/index.js"} {"metadata":{"emulator":{"name":"functions"},"message":"[runtime-status] [69066] Resolved module firebase-functions {\"declared\":true,\"installed\":true,\"version\":\"3.13.1\",\"resolution\":\"/Users/koichi/prg/hasura/functions/node_modules/firebase-functions/lib/index.js\"}"}}
[debug] [2021-02-20T15:17:56.636Z] [runtime-status] [69066] Checked functions.config() {"config":{}} {"metadata":{"emulator":{"name":"functions"},"message":"[runtime-status] [69066] Checked functions.config() {\"config\":{}}"}}
[debug] [2021-02-20T15:17:56.636Z] [runtime-status] [69066] firebase-functions has been stubbed. {"functionsResolution":{"declared":true,"installed":true,"version":"3.13.1","resolution":"/Users/koichi/prg/hasura/functions/node_modules/firebase-functions/lib/index.js"}} {"metadata":{"emulator":{"name":"functions"},"message":"[runtime-status] [69066] firebase-functions has been stubbed. {\"functionsResolution\":{\"declared\":true,\"installed\":true,\"version\":\"3.13.1\",\"resolution\":\"/Users/koichi/prg/hasura/functions/node_modules/firebase-functions/lib/index.js\"}}"}}
[debug] [2021-02-20T15:17:56.636Z] [runtime-status] [69066] Resolved module firebase-functions {"declared":true,"installed":true,"version":"3.13.1","resolution":"/Users/koichi/prg/hasura/functions/node_modules/firebase-functions/lib/index.js"} {"metadata":{"emulator":{"name":"functions"},"message":"[runtime-status] [69066] Resolved module firebase-functions {\"declared\":true,\"installed\":true,\"version\":\"3.13.1\",\"resolution\":\"/Users/koichi/prg/hasura/functions/node_modules/firebase-functions/lib/index.js\"}"}}
[debug] [2021-02-20T15:17:56.640Z] [runtime-status] [69066] Resolved module firebase-admin {"declared":true,"installed":true,"version":"9.5.0","resolution":"/Users/koichi/prg/hasura/functions/node_modules/firebase-admin/lib/index.js"} {"metadata":{"emulator":{"name":"functions"},"message":"[runtime-status] [69066] Resolved module firebase-admin {\"declared\":true,\"installed\":true,\"version\":\"9.5.0\",\"resolution\":\"/Users/koichi/prg/hasura/functions/node_modules/firebase-admin/lib/index.js\"}"}}
[debug] [2021-02-20T15:17:56.640Z] [runtime-status] [69066] Resolved module firebase-functions {"declared":true,"installed":true,"version":"3.13.1","resolution":"/Users/koichi/prg/hasura/functions/node_modules/firebase-functions/lib/index.js"} {"metadata":{"emulator":{"name":"functions"},"message":"[runtime-status] [69066] Resolved module firebase-functions {\"declared\":true,\"installed\":true,\"version\":\"3.13.1\",\"resolution\":\"/Users/koichi/prg/hasura/functions/node_modules/firebase-functions/lib/index.js\"}"}}
[debug] [2021-02-20T15:17:56.640Z] [runtime-status] [69066] firebase-admin has been stubbed. {"adminResolution":{"declared":true,"installed":true,"version":"9.5.0","resolution":"/Users/koichi/prg/hasura/functions/node_modules/firebase-admin/lib/index.js"}} {"metadata":{"emulator":{"name":"functions"},"message":"[runtime-status] [69066] firebase-admin has been stubbed. {\"adminResolution\":{\"declared\":true,\"installed\":true,\"version\":\"9.5.0\",\"resolution\":\"/Users/koichi/prg/hasura/functions/node_modules/firebase-admin/lib/index.js\"}}"}}
[debug] [2021-02-20T15:17:56.643Z] [runtime-status] [69066] initializeApp(DEFAULT) {"storageBucket":"hasura-2ebfe.appspot.com","projectId":"hasura-2ebfe"} {"metadata":{"emulator":{"name":"functions"},"message":"[runtime-status] [69066] initializeApp(DEFAULT) {\"storageBucket\":\"hasura-2ebfe.appspot.com\",\"projectId\":\"hasura-2ebfe\"}"}}
[debug] [2021-02-20T15:17:56.744Z] [runtime-status] [69066] auth.setJwtVerificationEnabled not available {"metadata":{"emulator":{"name":"functions"},"message":"[runtime-status] [69066] auth.setJwtVerificationEnabled not available"}}
[debug] [2021-02-20T15:17:56.748Z] [worker-~diagnostic~-b76bc93a-6c30-4a76-bda9-db25d55f16a2]: IDLE {"metadata":{"emulator":{"name":"functions"},"message":"[worker-~diagnostic~-b76bc93a-6c30-4a76-bda9-db25d55f16a2]: IDLE"}}
[info] ✔  functions[signup]: http function initialized (http://localhost:5001/hasura-2ebfe/asia-northeast1/signup). {"metadata":{"emulator":{"name":"functions"},"message":"\u001b[1mhttp\u001b[22m function initialized (http://localhost:5001/hasura-2ebfe/asia-northeast1/signup)."}}
[info] 
┌─────────────────────────────────────────────────────────────┐
│ ✔  All emulators ready! It is now safe to connect your app. │
│ i  View Emulator UI at http://localhost:4000                │
└─────────────────────────────────────────────────────────────┘

┌────────────────┬────────────────┬─────────────────────────────────┐
│ Emulator       │ Host:Port      │ View in Emulator UI             │
├────────────────┼────────────────┼─────────────────────────────────┤
│ Authentication │ localhost:9099 │ http://localhost:4000/auth      │
├────────────────┼────────────────┼─────────────────────────────────┤
│ Functions      │ localhost:5001 │ http://localhost:4000/functions │
└────────────────┴────────────────┴─────────────────────────────────┘
  Emulator Hub running at localhost:4400
  Other reserved ports: 4500

Issues? Report them at https://github.com/firebase/firebase-tools/issues and attach the *-debug.log files.
 
[debug] [2021-02-20T15:18:46.263Z] [work-queue] {"queueLength":1,"workRunningCount":0}
[debug] [2021-02-20T15:18:46.264Z] [work-queue] {"queueLength":0,"workRunningCount":1}
[debug] [2021-02-20T15:18:46.266Z] Accepted request POST /hasura-2ebfe/asia-northeast1/signup --> signup
[debug] [2021-02-20T15:18:46.277Z] [worker-pool] addWorker(signup) {"metadata":{"emulator":{"name":"functions"},"message":"[worker-pool] addWorker(signup)"}}
[debug] [2021-02-20T15:18:46.278Z] [worker-pool] Adding worker with key signup, total=1 {"metadata":{"emulator":{"name":"functions"},"message":"[worker-pool] Adding worker with key signup, total=1"}}
[debug] [2021-02-20T15:18:46.278Z] [worker-pool] submitWork(triggerId=signup) {"metadata":{"emulator":{"name":"functions"},"message":"[worker-pool] submitWork(triggerId=signup)"}}
[debug] [2021-02-20T15:18:46.278Z] [worker-signup-0845e29c-333e-42cd-9df6-3ff0f2b86c68]: Assigning socketPath: /var/folders/bj/8tzx8pw90mnfh6ctz659hg240000gn/T/fire_emu_69683.sock {"metadata":{"emulator":{"name":"functions"},"message":"[worker-signup-0845e29c-333e-42cd-9df6-3ff0f2b86c68]: Assigning socketPath: /var/folders/bj/8tzx8pw90mnfh6ctz659hg240000gn/T/fire_emu_69683.sock"}}
[debug] [2021-02-20T15:18:46.279Z] [worker-signup-0845e29c-333e-42cd-9df6-3ff0f2b86c68]: BUSY {"metadata":{"emulator":{"name":"functions"},"message":"[worker-signup-0845e29c-333e-42cd-9df6-3ff0f2b86c68]: BUSY"}}
[debug] [2021-02-20T15:18:46.686Z] [runtime-status] [69683] Functions runtime initialized. {"cwd":"/Users/koichi/prg/hasura/functions","node_version":"12.20.0"} {"metadata":{"emulator":{"name":"functions"},"function":{"name":"signup"},"message":"[runtime-status] [69683] Functions runtime initialized. {\"cwd\":\"/Users/koichi/prg/hasura/functions\",\"node_version\":\"12.20.0\"}"}}
[debug] [2021-02-20T15:18:46.686Z] [runtime-status] [69683] Disabled runtime features: undefined {"metadata":{"emulator":{"name":"functions"},"function":{"name":"signup"},"message":"[runtime-status] [69683] Disabled runtime features: undefined"}}
[debug] [2021-02-20T15:18:46.690Z] [runtime-status] [69683] Resolved module firebase-admin {"declared":true,"installed":true,"version":"9.5.0","resolution":"/Users/koichi/prg/hasura/functions/node_modules/firebase-admin/lib/index.js"} {"metadata":{"emulator":{"name":"functions"},"function":{"name":"signup"},"message":"[runtime-status] [69683] Resolved module firebase-admin {\"declared\":true,\"installed\":true,\"version\":\"9.5.0\",\"resolution\":\"/Users/koichi/prg/hasura/functions/node_modules/firebase-admin/lib/index.js\"}"}}
[debug] [2021-02-20T15:18:46.693Z] [runtime-status] [69683] Resolved module firebase-functions {"declared":true,"installed":true,"version":"3.13.1","resolution":"/Users/koichi/prg/hasura/functions/node_modules/firebase-functions/lib/index.js"} {"metadata":{"emulator":{"name":"functions"},"function":{"name":"signup"},"message":"[runtime-status] [69683] Resolved module firebase-functions {\"declared\":true,\"installed\":true,\"version\":\"3.13.1\",\"resolution\":\"/Users/koichi/prg/hasura/functions/node_modules/firebase-functions/lib/index.js\"}"}}
[debug] [2021-02-20T15:18:46.697Z] [runtime-status] [69683] Resolved module firebase-functions {"declared":true,"installed":true,"version":"3.13.1","resolution":"/Users/koichi/prg/hasura/functions/node_modules/firebase-functions/lib/index.js"} {"metadata":{"emulator":{"name":"functions"},"function":{"name":"signup"},"message":"[runtime-status] [69683] Resolved module firebase-functions {\"declared\":true,\"installed\":true,\"version\":\"3.13.1\",\"resolution\":\"/Users/koichi/prg/hasura/functions/node_modules/firebase-functions/lib/index.js\"}"}}
[debug] [2021-02-20T15:18:46.698Z] [runtime-status] [69683] Outgoing network have been stubbed. [{"name":"http","status":"mocked"},{"name":"http","status":"mocked"},{"name":"https","status":"mocked"},{"name":"https","status":"mocked"},{"name":"net","status":"mocked"}] {"metadata":{"emulator":{"name":"functions"},"function":{"name":"signup"},"message":"[runtime-status] [69683] Outgoing network have been stubbed. [{\"name\":\"http\",\"status\":\"mocked\"},{\"name\":\"http\",\"status\":\"mocked\"},{\"name\":\"https\",\"status\":\"mocked\"},{\"name\":\"https\",\"status\":\"mocked\"},{\"name\":\"net\",\"status\":\"mocked\"}]"}}
[debug] [2021-02-20T15:18:46.698Z] [runtime-status] [69683] Resolved module firebase-functions {"declared":true,"installed":true,"version":"3.13.1","resolution":"/Users/koichi/prg/hasura/functions/node_modules/firebase-functions/lib/index.js"} {"metadata":{"emulator":{"name":"functions"},"function":{"name":"signup"},"message":"[runtime-status] [69683] Resolved module firebase-functions {\"declared\":true,\"installed\":true,\"version\":\"3.13.1\",\"resolution\":\"/Users/koichi/prg/hasura/functions/node_modules/firebase-functions/lib/index.js\"}"}}
[debug] [2021-02-20T15:18:46.793Z] [runtime-status] [69683] Checked functions.config() {"config":{}} {"metadata":{"emulator":{"name":"functions"},"function":{"name":"signup"},"message":"[runtime-status] [69683] Checked functions.config() {\"config\":{}}"}}
[debug] [2021-02-20T15:18:46.794Z] [runtime-status] [69683] firebase-functions has been stubbed. {"functionsResolution":{"declared":true,"installed":true,"version":"3.13.1","resolution":"/Users/koichi/prg/hasura/functions/node_modules/firebase-functions/lib/index.js"}} {"metadata":{"emulator":{"name":"functions"},"function":{"name":"signup"},"message":"[runtime-status] [69683] firebase-functions has been stubbed. {\"functionsResolution\":{\"declared\":true,\"installed\":true,\"version\":\"3.13.1\",\"resolution\":\"/Users/koichi/prg/hasura/functions/node_modules/firebase-functions/lib/index.js\"}}"}}
[debug] [2021-02-20T15:18:46.795Z] [runtime-status] [69683] Resolved module firebase-functions {"declared":true,"installed":true,"version":"3.13.1","resolution":"/Users/koichi/prg/hasura/functions/node_modules/firebase-functions/lib/index.js"} {"metadata":{"emulator":{"name":"functions"},"function":{"name":"signup"},"message":"[runtime-status] [69683] Resolved module firebase-functions {\"declared\":true,\"installed\":true,\"version\":\"3.13.1\",\"resolution\":\"/Users/koichi/prg/hasura/functions/node_modules/firebase-functions/lib/index.js\"}"}}
[debug] [2021-02-20T15:18:46.796Z] [runtime-status] [69683] Resolved module firebase-admin {"declared":true,"installed":true,"version":"9.5.0","resolution":"/Users/koichi/prg/hasura/functions/node_modules/firebase-admin/lib/index.js"} {"metadata":{"emulator":{"name":"functions"},"function":{"name":"signup"},"message":"[runtime-status] [69683] Resolved module firebase-admin {\"declared\":true,\"installed\":true,\"version\":\"9.5.0\",\"resolution\":\"/Users/koichi/prg/hasura/functions/node_modules/firebase-admin/lib/index.js\"}"}}
[debug] [2021-02-20T15:18:46.796Z] [runtime-status] [69683] Resolved module firebase-functions {"declared":true,"installed":true,"version":"3.13.1","resolution":"/Users/koichi/prg/hasura/functions/node_modules/firebase-functions/lib/index.js"} {"metadata":{"emulator":{"name":"functions"},"function":{"name":"signup"},"message":"[runtime-status] [69683] Resolved module firebase-functions {\"declared\":true,\"installed\":true,\"version\":\"3.13.1\",\"resolution\":\"/Users/koichi/prg/hasura/functions/node_modules/firebase-functions/lib/index.js\"}"}}
[debug] [2021-02-20T15:18:46.796Z] [runtime-status] [69683] firebase-admin has been stubbed. {"adminResolution":{"declared":true,"installed":true,"version":"9.5.0","resolution":"/Users/koichi/prg/hasura/functions/node_modules/firebase-admin/lib/index.js"}} {"metadata":{"emulator":{"name":"functions"},"function":{"name":"signup"},"message":"[runtime-status] [69683] firebase-admin has been stubbed. {\"adminResolution\":{\"declared\":true,\"installed\":true,\"version\":\"9.5.0\",\"resolution\":\"/Users/koichi/prg/hasura/functions/node_modules/firebase-admin/lib/index.js\"}}"}}
[debug] [2021-02-20T15:18:46.801Z] [runtime-status] [69683] initializeApp(DEFAULT) {"storageBucket":"hasura-2ebfe.appspot.com","projectId":"hasura-2ebfe"} {"metadata":{"emulator":{"name":"functions"},"function":{"name":"signup"},"message":"[runtime-status] [69683] initializeApp(DEFAULT) {\"storageBucket\":\"hasura-2ebfe.appspot.com\",\"projectId\":\"hasura-2ebfe\"}"}}
[debug] [2021-02-20T15:18:46.896Z] [runtime-status] [69683] auth.setJwtVerificationEnabled not available {"metadata":{"emulator":{"name":"functions"},"function":{"name":"signup"},"message":"[runtime-status] [69683] auth.setJwtVerificationEnabled not available"}}
[debug] [2021-02-20T15:18:46.902Z] [runtime-status] [69683] Trigger "signup" has been found, beginning invocation! {"metadata":{"emulator":{"name":"functions"},"function":{"name":"signup"},"message":"[runtime-status] [69683] Trigger \"signup\" has been found, beginning invocation!"}}
[info] i  functions: Beginning execution of "signup" {"metadata":{"emulator":{"name":"functions"},"function":{"name":"signup"},"message":"Beginning execution of \"signup\""}}
[debug] [2021-02-20T15:18:46.903Z] [runtime-status] [69683] triggerDefinition {"regions":["asia-northeast1"],"httpsTrigger":{},"name":"signup","entryPoint":"signup"} {"metadata":{"emulator":{"name":"functions"},"function":{"name":"signup"},"message":"[runtime-status] [69683] triggerDefinition {\"regions\":[\"asia-northeast1\"],\"httpsTrigger\":{},\"name\":\"signup\",\"entryPoint\":\"signup\"}"}}
[debug] [2021-02-20T15:18:46.904Z] [runtime-status] [69683] Running signup in mode HTTPS {"metadata":{"emulator":{"name":"functions"},"function":{"name":"signup"},"message":"[runtime-status] [69683] Running signup in mode HTTPS"}}
[debug] [2021-02-20T15:18:46.905Z] [runtime-status] [69683] Attempting to listen to socketPath: /var/folders/bj/8tzx8pw90mnfh6ctz659hg240000gn/T/fire_emu_69683.sock {"metadata":{"emulator":{"name":"functions"},"function":{"name":"signup"},"message":"[runtime-status] [69683] Attempting to listen to socketPath: /var/folders/bj/8tzx8pw90mnfh6ctz659hg240000gn/T/fire_emu_69683.sock"}}
[debug] [2021-02-20T15:18:46.925Z] [functions] Runtime ready! Sending request! {"metadata":{"emulator":{"name":"functions"},"message":"[functions] Runtime ready! Sending request!"}}
[debug] [2021-02-20T15:18:46.926Z] [functions] Got req.url=/hasura-2ebfe/asia-northeast1/signup, mapping to path=/ {"metadata":{"emulator":{"name":"functions"},"message":"[functions] Got req.url=/hasura-2ebfe/asia-northeast1/signup, mapping to path=/"}}
[debug] [2021-02-20T15:18:46.985Z] [runtime-status] [69683] Ephemeral server handling POST request {"metadata":{"emulator":{"name":"functions"},"function":{"name":"signup"},"message":"[runtime-status] [69683] Ephemeral server handling POST request"}}
[debug] [2021-02-20T15:18:47.035Z] >>> [apiv2][query] POST http://localhost:5001/functions/projects/hasura-2ebfe/trigger_multicast [none]
[debug] [2021-02-20T15:18:47.035Z] >>> [apiv2][body] POST http://localhost:5001/functions/projects/hasura-2ebfe/trigger_multicast {"eventType":"providers/firebase.auth/eventTypes/user.create","data":{"uid":"sJWzFRKBtX9VmFVKRGWQGklOVyGR","emailVerified":false,"metadata":{"creationTime":"1613834327034","lastSignInTime":"1613834327033"},"customClaims":{}}}
[debug] [2021-02-20T15:18:47.047Z] <<< [apiv2][status] POST http://localhost:5001/functions/projects/hasura-2ebfe/trigger_multicast 200
[debug] [2021-02-20T15:18:47.047Z] <<< [apiv2][body] POST http://localhost:5001/functions/projects/hasura-2ebfe/trigger_multicast {"status":"multicast_acknowledged"}
[debug] [2021-02-20T15:18:47.111Z] [runtime-status] [69683] Ephemeral server survived. {"metadata":{"emulator":{"name":"functions"},"function":{"name":"signup"},"message":"[runtime-status] [69683] Ephemeral server survived."}}
[info] i  functions: Finished "signup" in ~1s {"metadata":{"emulator":{"name":"functions"},"function":{"name":"signup"},"message":"Finished \"signup\" in ~1s"}}
[debug] [2021-02-20T15:18:47.115Z] [worker-signup-0845e29c-333e-42cd-9df6-3ff0f2b86c68]: IDLE {"metadata":{"emulator":{"name":"functions"},"message":"[worker-signup-0845e29c-333e-42cd-9df6-3ff0f2b86c68]: IDLE"}}
[debug] [2021-02-20T15:18:47.115Z] [work-queue] {"queueLength":0,"workRunningCount":0}
